{
  "RSpec": {
    "coverage": {
      "/home/michael/projects/rails/trender/app/models/moderator.rb": [
        1,
        1,
        null,
        null,
        null,
        null,
        null
      ],
      "/home/michael/projects/rails/trender/app/helpers/application_helper.rb": [
        1,
        null
      ],
      "/home/michael/projects/rails/trender/app/helpers/comments_helper.rb": [
        1,
        null
      ],
      "/home/michael/projects/rails/trender/app/helpers/readers_helper.rb": [
        1,
        null
      ],
      "/home/michael/projects/rails/trender/app/helpers/reading_lists_helper.rb": [
        1,
        null
      ],
      "/home/michael/projects/rails/trender/app/helpers/searches_helper.rb": [
        1,
        null
      ],
      "/home/michael/projects/rails/trender/app/helpers/stories_helper.rb": [
        1,
        null
      ],
      "/home/michael/projects/rails/trender/app/helpers/topics_helper.rb": [
        1,
        null
      ],
      "/home/michael/projects/rails/trender/app/helpers/trends_helper.rb": [
        1,
        null
      ],
      "/home/michael/projects/rails/trender/app/models/reader.rb": [
        1,
        1,
        null,
        1,
        1,
        1,
        1,
        null,
        null
      ],
      "/home/michael/projects/rails/trender/app/models/concerns/paginationate.rb": [
        1,
        null,
        1,
        0,
        0,
        null,
        null,
        1,
        2,
        null,
        null,
        null
      ],
      "/home/michael/projects/rails/trender/app/models/place.rb": [
        1,
        1,
        null
      ],
      "/home/michael/projects/rails/trender/app/models/trend.rb": [
        1,
        1,
        1,
        1,
        null,
        1,
        0,
        0,
        null,
        0,
        0,
        0,
        0,
        0,
        null,
        0,
        null,
        null,
        null,
        1,
        1,
        10,
        10,
        null,
        null,
        null,
        null,
        null,
        1,
        null,
        null,
        1,
        9,
        9,
        9,
        3,
        3,
        null,
        9,
        null,
        null
      ],
      "/home/michael/projects/rails/trender/app/models/story.rb": [
        1,
        1,
        1,
        1,
        null,
        1,
        6,
        6,
        2,
        null,
        4,
        null,
        null,
        null,
        1,
        4,
        4,
        4,
        null,
        null,
        null,
        null,
        1,
        7,
        140,
        140,
        null,
        null,
        null,
        null,
        null,
        null,
        null,
        null,
        7,
        null,
        null
      ],
      "/home/michael/projects/rails/trender/app/models/reading_list.rb": [
        1,
        1,
        null,
        1,
        1,
        null,
        1,
        null,
        1,
        1,
        null,
        1,
        1,
        null,
        1,
        1,
        null,
        1,
        15,
        null,
        null,
        null
      ],
      "/home/michael/projects/rails/trender/app/models/comment.rb": [
        1,
        1,
        1,
        1,
        1,
        null,
        1,
        1,
        null,
        1,
        6,
        2,
        null,
        null,
        null,
        1,
        2,
        null,
        null
      ],
      "/home/michael/projects/rails/trender/app/models/topic.rb": [
        1,
        1,
        1,
        null
      ],
      "/home/michael/projects/rails/trender/app/controllers/comments_controller.rb": [
        1,
        null,
        1,
        8,
        2,
        2,
        null,
        null,
        null,
        1,
        6,
        6,
        6,
        6,
        6,
        4,
        2,
        null,
        2,
        null,
        null,
        2,
        null,
        null,
        null,
        1,
        0,
        0,
        null,
        null,
        1,
        0,
        0,
        0,
        null,
        null,
        1,
        1,
        6,
        null,
        null
      ],
      "/home/michael/projects/rails/trender/app/controllers/application_controller.rb": [
        1,
        null,
        null,
        1,
        null
      ],
      "/home/michael/projects/rails/trender/app/controllers/readers_controller.rb": [
        1,
        null,
        1,
        0,
        0,
        null,
        null,
        1,
        0,
        0,
        0,
        0,
        null,
        null,
        1,
        0,
        null,
        null,
        1,
        0,
        0,
        0,
        0,
        null,
        null,
        1,
        0,
        0,
        0,
        0,
        null,
        null,
        null,
        null,
        0,
        null,
        null,
        null,
        null,
        null,
        0,
        0,
        0,
        0,
        null,
        null
      ],
      "/home/michael/projects/rails/trender/app/controllers/reading_lists_controller.rb": [
        1,
        null,
        1,
        0,
        0,
        0,
        0,
        0,
        0,
        0,
        null,
        null,
        null,
        1,
        2,
        2,
        1,
        1,
        1,
        1,
        null,
        1,
        1,
        null,
        null,
        null,
        1,
        0,
        0,
        0,
        null,
        null,
        1,
        0,
        0,
        0,
        null,
        null,
        null,
        1,
        1,
        1,
        null,
        null,
        null,
        1,
        null,
        null,
        null,
        1,
        1,
        null,
        null,
        1,
        0,
        null,
        null,
        null,
        0,
        null,
        null,
        1,
        0,
        null,
        null,
        null,
        0,
        0,
        null,
        null,
        1,
        1,
        1,
        null,
        null
      ],
      "/home/michael/projects/rails/trender/app/controllers/searches_controller.rb": [
        1,
        null,
        1,
        0,
        0,
        0,
        0,
        null,
        0,
        null,
        null,
        null,
        null
      ],
      "/home/michael/projects/rails/trender/app/controllers/stories_controller.rb": [
        1,
        null,
        1,
        1,
        1,
        1,
        null,
        null,
        null
      ],
      "/home/michael/projects/rails/trender/app/controllers/topics_controller.rb": [
        1,
        null,
        1,
        4,
        4,
        2,
        null,
        4,
        null,
        null,
        null,
        4,
        null,
        null,
        1,
        0,
        0,
        0,
        0,
        0,
        null,
        null,
        1,
        1,
        2,
        null,
        null
      ],
      "/home/michael/projects/rails/trender/app/controllers/trends_controller.rb": [
        1,
        null,
        1,
        0,
        0,
        0,
        null,
        null,
        null,
        1,
        null,
        null,
        null,
        0,
        0,
        0,
        null,
        null,
        1,
        0,
        0,
        null,
        null,
        null,
        0,
        0,
        0,
        0,
        null,
        0,
        null,
        null,
        null,
        1,
        0,
        0,
        0,
        null,
        null
      ],
      "/home/michael/projects/rails/trender/app/models/reader_library.rb": [
        1,
        1,
        1,
        null
      ],
      "/home/michael/projects/rails/trender/app/models/reading_list_story.rb": [
        1,
        1,
        1,
        null
      ],
      "/home/michael/projects/rails/trender/app/models/reading_list_topic.rb": [
        1,
        1,
        1,
        null
      ],
      "/home/michael/projects/rails/trender/app/indices/reading_list_index.rb": [
        1,
        0,
        null
      ],
      "/home/michael/projects/rails/trender/app/models/country.rb": [
        1,
        null,
        1,
        1,
        415,
        42,
        null,
        null,
        null,
        null,
        null,
        null,
        null,
        null,
        1,
        0,
        0,
        0,
        null,
        0,
        0,
        null,
        null,
        null,
        null
      ]
    },
    "timestamp": 1387458492
  },
  "Cucumber Features": {
    "coverage": {
      "/home/michael/projects/rails/trender/app/models/moderator.rb": [
        1,
        1,
        null,
        null,
        null,
        null,
        null
      ],
      "/home/michael/projects/rails/trender/app/models/reader.rb": [
        1,
        1,
        null,
        1,
        1,
        1,
        1,
        null,
        null
      ],
      "/home/michael/projects/rails/trender/app/models/concerns/paginationate.rb": [
        1,
        null,
        1,
        10,
        10,
        null,
        null,
        1,
        2,
        null,
        null,
        null
      ],
      "/home/michael/projects/rails/trender/app/models/place.rb": [
        1,
        1,
        null
      ],
      "/home/michael/projects/rails/trender/app/models/trend.rb": [
        1,
        1,
        1,
        1,
        null,
        1,
        3,
        3,
        null,
        0,
        0,
        0,
        0,
        0,
        null,
        0,
        null,
        null,
        null,
        1,
        0,
        0,
        0,
        null,
        null,
        null,
        null,
        null,
        0,
        null,
        null,
        1,
        0,
        0,
        0,
        0,
        0,
        null,
        0,
        null,
        null
      ],
      "/home/michael/projects/rails/trender/app/models/story.rb": [
        1,
        1,
        1,
        1,
        null,
        1,
        2,
        2,
        2,
        null,
        0,
        null,
        null,
        null,
        1,
        0,
        0,
        0,
        null,
        null,
        null,
        null,
        1,
        0,
        0,
        0,
        null,
        null,
        null,
        null,
        null,
        null,
        null,
        null,
        0,
        null,
        null
      ],
      "/home/michael/projects/rails/trender/app/models/reading_list.rb": [
        1,
        1,
        null,
        1,
        1,
        null,
        1,
        null,
        1,
        1,
        null,
        1,
        1,
        null,
        1,
        1,
        null,
        1,
        62,
        null,
        null,
        null
      ],
      "/home/michael/projects/rails/trender/app/models/comment.rb": [
        1,
        1,
        1,
        1,
        1,
        null,
        1,
        1,
        null,
        1,
        4,
        0,
        null,
        null,
        null,
        1,
        0,
        null,
        null
      ],
      "/home/michael/projects/rails/trender/app/models/topic.rb": [
        1,
        1,
        1,
        null
      ],
      "/home/michael/projects/rails/trender/app/indices/reading_list_index.rb": [
        1,
        1,
        null
      ],
      "/home/michael/projects/rails/trender/app/controllers/trends_controller.rb": [
        1,
        null,
        1,
        13,
        1,
        1,
        null,
        null,
        null,
        1,
        null,
        null,
        null,
        0,
        0,
        0,
        null,
        null,
        1,
        2,
        2,
        null,
        null,
        null,
        2,
        2,
        0,
        0,
        null,
        2,
        null,
        null,
        null,
        1,
        3,
        3,
        3,
        null,
        null
      ],
      "/home/michael/projects/rails/trender/app/controllers/application_controller.rb": [
        1,
        null,
        null,
        1,
        null
      ],
      "/home/michael/projects/rails/trender/app/helpers/application_helper.rb": [
        1,
        null
      ],
      "/home/michael/projects/rails/trender/app/helpers/comments_helper.rb": [
        1,
        null
      ],
      "/home/michael/projects/rails/trender/app/helpers/readers_helper.rb": [
        1,
        null
      ],
      "/home/michael/projects/rails/trender/app/helpers/reading_lists_helper.rb": [
        1,
        null
      ],
      "/home/michael/projects/rails/trender/app/helpers/searches_helper.rb": [
        1,
        null
      ],
      "/home/michael/projects/rails/trender/app/helpers/stories_helper.rb": [
        1,
        null
      ],
      "/home/michael/projects/rails/trender/app/helpers/topics_helper.rb": [
        1,
        null
      ],
      "/home/michael/projects/rails/trender/app/helpers/trends_helper.rb": [
        1,
        null
      ],
      "/home/michael/projects/rails/trender/app/controllers/reading_lists_controller.rb": [
        1,
        null,
        1,
        5,
        5,
        5,
        5,
        5,
        5,
        0,
        null,
        null,
        null,
        1,
        1,
        1,
        1,
        1,
        1,
        1,
        null,
        0,
        0,
        null,
        null,
        null,
        1,
        5,
        5,
        5,
        null,
        null,
        1,
        1,
        1,
        1,
        null,
        null,
        null,
        1,
        2,
        2,
        null,
        null,
        null,
        2,
        null,
        null,
        null,
        2,
        2,
        null,
        null,
        1,
        0,
        null,
        null,
        null,
        0,
        null,
        null,
        1,
        0,
        null,
        null,
        null,
        0,
        0,
        null,
        null,
        1,
        1,
        1,
        null,
        null
      ],
      "/home/michael/projects/rails/trender/app/models/reading_list_story.rb": [
        1,
        1,
        1,
        null
      ],
      "/home/michael/projects/rails/trender/app/models/reading_list_topic.rb": [
        1,
        1,
        1,
        null
      ],
      "/home/michael/projects/rails/trender/app/models/reader_library.rb": [
        1,
        1,
        1,
        null
      ],
      "/home/michael/projects/rails/trender/app/controllers/readers_controller.rb": [
        1,
        null,
        1,
        2,
        2,
        null,
        null,
        1,
        1,
        1,
        1,
        1,
        null,
        null,
        1,
        0,
        null,
        null,
        1,
        0,
        0,
        0,
        0,
        null,
        null,
        1,
        0,
        0,
        0,
        0,
        null,
        null,
        null,
        null,
        0,
        null,
        null,
        null,
        null,
        null,
        0,
        0,
        0,
        0,
        null,
        null
      ],
      "/home/michael/projects/rails/trender/app/controllers/comments_controller.rb": [
        1,
        null,
        1,
        1,
        0,
        0,
        null,
        null,
        null,
        1,
        0,
        0,
        0,
        0,
        0,
        0,
        0,
        null,
        0,
        null,
        null,
        0,
        null,
        null,
        null,
        1,
        0,
        0,
        null,
        null,
        1,
        1,
        1,
        1,
        null,
        null,
        1,
        1,
        0,
        null,
        null
      ],
      "/home/michael/projects/rails/trender/app/controllers/searches_controller.rb": [
        1,
        null,
        1,
        2,
        2,
        2,
        1,
        null,
        1,
        null,
        null,
        null,
        null
      ]
    },
    "timestamp": 1387458564
  }
}
